<?xml version="1.0" encoding="UTF-8"?>
<!-- Generated by org.testng.reporters.JUnitReportReporter -->
<testsuite hostname="DESKTOP-PNIJDNB" failures="0" tests="1" name="com.testngselenium.demo.AssertionTestDemo" time="6.026" errors="0" timestamp="2024-07-18T17:13:22 IST" skipped="0">
  <testcase classname="com.testngselenium.demo.AssertionTestDemo" name="TitleTest" time="6.026"/>
  <system-out/>
</testsuite> <!-- com.testngselenium.demo.AssertionTestDemo -->
