<?xml version="1.0" encoding="UTF-8"?>
<!-- Generated by org.testng.reporters.JUnitReportReporter -->
<testsuite hostname="DESKTOP-PNIJDNB" failures="0" tests="4" name="com.testngselenium.demo.GroupTest" time="37.614" errors="0" timestamp="2024-07-18T17:13:22 IST" skipped="0">
  <testcase classname="com.testngselenium.demo.GroupTest" name="loginWithChrome" time="4.710"/>
  <system-out/>
  <testcase classname="com.testngselenium.demo.GroupTest" name="launchFirefox" time="15.224"/>
  <system-out/>
  <testcase classname="com.testngselenium.demo.GroupTest" name="loginWithFirefox" time="9.116"/>
  <system-out/>
  <testcase classname="com.testngselenium.demo.GroupTest" name="launchChrome" time="8.564"/>
  <system-out/>
</testsuite> <!-- com.testngselenium.demo.GroupTest -->
