<?xml version="1.0" encoding="UTF-8"?>
<!-- Generated by org.testng.reporters.JUnitReportReporter -->
<testsuite hostname="DESKTOP-PNIJDNB" failures="0" tests="1" name="com.testngselenium.demo.FirstTest" time="0.050" errors="0" timestamp="2024-07-18T13:44:27 IST" skipped="0">
  <testcase classname="com.testngselenium.demo.FirstTest" name="HelloWorld" time="0.050"/>
  <system-out/>
</testsuite> <!-- com.testngselenium.demo.FirstTest -->
