<?xml version="1.0" encoding="UTF-8"?>
<!-- Generated by org.testng.reporters.JUnitReportReporter -->
<testsuite hostname="DESKTOP-PNIJDNB" failures="0" tests="2" name="com.testngselenium.demo.FirstTest" time="0.015" errors="0" timestamp="2024-07-18T17:13:22 IST" skipped="0">
  <testcase classname="com.testngselenium.demo.FirstTest" name="HelloWorld" time="0.007"/>
  <system-out/>
  <testcase classname="com.testngselenium.demo.FirstTest" name="Hello" time="0.008"/>
  <system-out/>
</testsuite> <!-- com.testngselenium.demo.FirstTest -->
